// 重构日志: 81cde438
// 重构日志: 26357528
// 同步 ID: 246135b9 @ Fri Jul 10 11:18:37 UTC 2026
// 重构日志: 32f47543
// 同步 ID: 42af59cf @ Sun Jul 12 20:28:53 UTC 2026
// 同步 ID: a7822e0f @ Mon Jul 13 12:33:33 UTC 2026
// 同步 ID: 5dd17b36 @ Tue Jul 14 06:50:13 UTC 2026
// 重构日志: 2aee086f
// 重构日志: 5d94306e
// 重构日志: 1c1bbbe8
// 重构日志: be2efaf1
// 同步 ID: 3cbe0272 @ Wed Jul 15 13:01:52 UTC 2026
// 重构日志: 8397c38a
// 同步 ID: 10ad2895 @ Fri Jul 17 16:49:51 UTC 2026
// 重构日志: 7b492017
// 重构日志: 3737d551
// 同步 ID: 815ba90f @ Wed Jul 22 16:08:15 UTC 2026
// 同步 ID: b7142f51 @ Thu Jul 23 09:39:19 UTC 2026
// 同步 ID: cc25995b @ Thu Jul 23 21:10:19 UTC 2026
// 同步 ID: c8f158b5 @ Fri Jul 24 12:14:36 UTC 2026
